TN:
SF:server.js
FN:54,(anonymous_0)
FN:76,(anonymous_1)
FN:80,(anonymous_2)
FN:87,(anonymous_3)
FN:92,(anonymous_4)
FN:93,(anonymous_5)
FN:100,(anonymous_6)
FN:138,(anonymous_7)
FN:143,(anonymous_8)
FN:208,(anonymous_9)
FN:212,(anonymous_10)
FN:281,(anonymous_11)
FN:339,(anonymous_12)
FN:375,(anonymous_13)
FN:426,(anonymous_14)
FN:464,(anonymous_15)
FN:470,(anonymous_16)
FNF:17
FNH:12
FNDA:12,(anonymous_0)
FNDA:4,(anonymous_1)
FNDA:0,(anonymous_2)
FNDA:4,(anonymous_3)
FNDA:4,(anonymous_4)
FNDA:4,(anonymous_5)
FNDA:0,(anonymous_6)
FNDA:1,(anonymous_7)
FNDA:7,(anonymous_8)
FNDA:3,(anonymous_9)
FNDA:3,(anonymous_10)
FNDA:4,(anonymous_11)
FNDA:1,(anonymous_12)
FNDA:0,(anonymous_13)
FNDA:3,(anonymous_14)
FNDA:0,(anonymous_15)
FNDA:0,(anonymous_16)
DA:7,1
DA:8,1
DA:9,1
DA:10,1
DA:11,1
DA:12,1
DA:13,1
DA:14,1
DA:15,1
DA:17,1
DA:18,1
DA:19,1
DA:22,1
DA:32,1
DA:33,1
DA:37,1
DA:38,1
DA:41,1
DA:45,1
DA:46,0
DA:50,1
DA:55,12
DA:56,8
DA:58,4
DA:66,1
DA:76,1
DA:77,4
DA:80,1
DA:81,0
DA:82,0
DA:84,0
DA:87,1
DA:89,4
DA:92,4
DA:93,4
DA:94,4
DA:100,1
DA:101,0
DA:102,0
DA:109,1
DA:119,1
DA:138,1
DA:139,1
DA:143,1
DA:144,7
DA:145,7
DA:146,7
DA:147,2
DA:153,5
DA:156,5
DA:161,5
DA:162,1
DA:169,4
DA:170,4
DA:172,4
DA:178,4
DA:181,4
DA:183,4
DA:184,4
DA:190,0
DA:197,0
DA:198,0
DA:206,1
DA:209,3
DA:210,3
DA:213,3
DA:214,3
DA:215,3
DA:216,1
DA:222,2
DA:225,2
DA:226,2
DA:227,0
DA:229,2
DA:234,2
DA:235,1
DA:242,1
DA:249,1
DA:255,1
DA:265,1
DA:272,0
DA:273,0
DA:281,1
DA:282,4
DA:283,4
DA:284,4
DA:285,1
DA:291,3
DA:294,3
DA:299,3
DA:300,1
DA:311,2
DA:312,2
DA:324,2
DA:325,1
DA:332,1
DA:333,1
DA:335,1
DA:336,1
DA:337,1
DA:338,1
DA:339,1
DA:341,1
DA:343,0
DA:348,1
DA:349,1
DA:355,1
DA:366,0
DA:367,0
DA:375,1
DA:376,0
DA:377,0
DA:378,0
DA:379,0
DA:382,0
DA:383,0
DA:384,0
DA:387,0
DA:392,0
DA:393,0
DA:397,0
DA:398,0
DA:399,0
DA:400,0
DA:401,0
DA:404,0
DA:409,0
DA:417,0
DA:418,0
DA:426,1
DA:427,3
DA:428,3
DA:430,3
DA:431,1
DA:434,2
DA:439,2
DA:440,1
DA:443,1
DA:452,0
DA:453,0
DA:461,1
DA:464,1
DA:465,0
DA:469,1
DA:470,0
DA:471,0
DA:472,0
DA:473,0
DA:477,1
LF:149
LH:108
BRDA:18,0,0,1
BRDA:18,0,1,0
BRDA:19,1,0,1
BRDA:19,1,1,1
BRDA:19,1,2,1
BRDA:23,2,0,1
BRDA:23,2,1,0
BRDA:24,3,0,1
BRDA:24,3,1,0
BRDA:25,4,0,1
BRDA:25,4,1,0
BRDA:26,5,0,1
BRDA:26,5,1,0
BRDA:27,6,0,1
BRDA:27,6,1,0
BRDA:28,7,0,0
BRDA:28,7,1,1
BRDA:34,8,0,1
BRDA:34,8,1,0
BRDA:45,9,0,0
BRDA:45,9,1,1
BRDA:51,10,0,1
BRDA:51,10,1,0
BRDA:55,11,0,8
BRDA:55,11,1,4
BRDA:55,12,0,12
BRDA:55,12,1,12
BRDA:81,13,0,0
BRDA:81,13,1,0
BRDA:81,14,0,0
BRDA:81,14,1,0
BRDA:104,15,0,0
BRDA:104,15,1,0
BRDA:146,16,0,2
BRDA:146,16,1,5
BRDA:161,17,0,1
BRDA:161,17,1,4
BRDA:183,18,0,4
BRDA:183,18,1,0
BRDA:209,19,0,0
BRDA:209,19,1,3
BRDA:209,20,0,3
BRDA:209,20,1,0
BRDA:215,21,0,1
BRDA:215,21,1,2
BRDA:226,22,0,0
BRDA:226,22,1,2
BRDA:226,23,0,2
BRDA:226,23,1,0
BRDA:234,24,0,1
BRDA:234,24,1,1
BRDA:261,25,0,1
BRDA:261,25,1,0
BRDA:284,26,0,1
BRDA:284,26,1,3
BRDA:299,27,0,1
BRDA:299,27,1,2
BRDA:324,28,0,1
BRDA:324,28,1,1
BRDA:335,29,0,1
BRDA:335,29,1,0
BRDA:338,30,0,1
BRDA:338,30,1,0
BRDA:340,31,0,0
BRDA:340,31,1,0
BRDA:348,32,0,1
BRDA:348,32,1,0
BRDA:351,33,0,1
BRDA:351,33,1,1
BRDA:378,34,0,0
BRDA:378,34,1,0
BRDA:383,35,0,0
BRDA:383,35,1,0
BRDA:392,36,0,0
BRDA:392,36,1,0
BRDA:430,37,0,1
BRDA:430,37,1,2
BRDA:439,38,0,1
BRDA:439,38,1,1
BRDA:469,39,0,0
BRDA:469,39,1,1
BRDA:472,40,0,0
BRDA:472,40,1,0
BRF:83
BRH:47
end_of_record
TN:
SF:utils\validation.js
FN:6,validateAadhaar
FN:11,validatePAN
FN:16,validateOTP
FN:21,validateGSTIN
FN:28,(anonymous_4)
FN:29,(anonymous_5)
FN:30,(anonymous_6)
FN:31,(anonymous_7)
FNF:8
FNH:8
FNDA:11,validateAadhaar
FNDA:12,validatePAN
FNDA:10,validateOTP
FNDA:12,validateGSTIN
FNDA:36,(anonymous_4)
FNDA:34,(anonymous_5)
FNDA:5,(anonymous_6)
FNDA:4,(anonymous_7)
DA:1,1
DA:2,1
DA:3,1
DA:4,1
DA:7,11
DA:8,11
DA:12,12
DA:13,12
DA:17,10
DA:18,10
DA:22,12
DA:23,9
DA:24,9
DA:25,9
DA:26,7
DA:28,36
DA:29,34
DA:30,6
DA:31,6
DA:34,6
DA:36,25
DA:38,20
DA:40,5
DA:42,5
DA:44,5
DA:46,4
DA:47,4
DA:50,1
LF:28
LH:28
BRDA:7,0,0,0
BRDA:7,0,1,11
BRDA:12,1,0,0
BRDA:12,1,1,12
BRDA:17,2,0,0
BRDA:17,2,1,10
BRDA:22,3,0,3
BRDA:22,3,1,9
BRDA:22,4,0,12
BRDA:22,4,1,11
BRDA:22,4,2,10
BRDA:23,5,0,0
BRDA:23,5,1,9
BRDA:25,6,0,2
BRDA:25,6,1,7
BRDA:26,7,0,1
BRDA:26,7,1,6
BRDA:28,8,0,36
BRDA:28,8,1,36
BRDA:29,9,0,34
BRDA:29,9,1,34
BRDA:30,10,0,5
BRDA:30,10,1,5
BRDA:30,10,2,0
BRDA:31,11,0,4
BRDA:31,11,1,4
BRDA:34,12,0,1
BRDA:34,12,1,5
BRDA:34,13,0,6
BRDA:34,13,1,6
BRDA:36,14,0,0
BRDA:36,14,1,25
BRDA:38,15,0,0
BRDA:38,15,1,20
BRDA:40,16,0,0
BRDA:40,16,1,5
BRDA:42,17,0,0
BRDA:42,17,1,5
BRDA:44,18,0,1
BRDA:44,18,1,4
BRDA:46,19,0,0
BRDA:46,19,1,4
BRF:42
BRH:32
end_of_record
