TN:
SF:server.js
FN:53,(anonymous_0)
FN:75,(anonymous_1)
FN:79,(anonymous_2)
FN:86,(anonymous_3)
FN:91,(anonymous_4)
FN:92,(anonymous_5)
FN:99,(anonymous_6)
FN:137,(anonymous_7)
FN:142,(anonymous_8)
FN:208,(anonymous_9)
FN:272,(anonymous_10)
FN:330,(anonymous_11)
FN:366,(anonymous_12)
FN:417,(anonymous_13)
FN:455,(anonymous_14)
FN:461,(anonymous_15)
FNF:16
FNH:11
FNDA:12,(anonymous_0)
FNDA:4,(anonymous_1)
FNDA:0,(anonymous_2)
FNDA:4,(anonymous_3)
FNDA:4,(anonymous_4)
FNDA:4,(anonymous_5)
FNDA:0,(anonymous_6)
FNDA:1,(anonymous_7)
FNDA:7,(anonymous_8)
FNDA:3,(anonymous_9)
FNDA:4,(anonymous_10)
FNDA:1,(anonymous_11)
FNDA:0,(anonymous_12)
FNDA:3,(anonymous_13)
FNDA:0,(anonymous_14)
FNDA:0,(anonymous_15)
DA:7,1
DA:8,1
DA:9,1
DA:10,1
DA:11,1
DA:12,1
DA:13,1
DA:14,1
DA:15,1
DA:17,1
DA:18,1
DA:21,1
DA:31,1
DA:32,1
DA:36,1
DA:37,1
DA:40,1
DA:44,1
DA:45,0
DA:49,1
DA:54,12
DA:55,8
DA:57,4
DA:65,1
DA:75,1
DA:76,4
DA:79,1
DA:80,0
DA:81,0
DA:83,0
DA:86,1
DA:88,4
DA:91,4
DA:92,4
DA:93,4
DA:99,1
DA:100,0
DA:101,0
DA:108,1
DA:118,1
DA:137,1
DA:138,1
DA:142,1
DA:143,7
DA:144,7
DA:145,7
DA:146,2
DA:152,5
DA:155,5
DA:160,5
DA:161,1
DA:168,4
DA:169,4
DA:171,4
DA:177,4
DA:180,4
DA:182,4
DA:183,4
DA:189,0
DA:196,0
DA:197,0
DA:205,1
DA:209,3
DA:210,3
DA:211,3
DA:212,1
DA:218,2
DA:221,2
DA:226,2
DA:227,1
DA:234,1
DA:240,1
DA:246,1
DA:256,1
DA:263,0
DA:264,0
DA:272,1
DA:273,4
DA:274,4
DA:275,4
DA:276,1
DA:282,3
DA:285,3
DA:290,3
DA:291,1
DA:302,2
DA:303,2
DA:315,2
DA:316,1
DA:323,1
DA:324,1
DA:326,1
DA:327,1
DA:328,1
DA:329,1
DA:330,1
DA:332,1
DA:334,0
DA:339,1
DA:340,1
DA:346,1
DA:357,0
DA:358,0
DA:366,1
DA:367,0
DA:368,0
DA:369,0
DA:370,0
DA:373,0
DA:374,0
DA:375,0
DA:378,0
DA:383,0
DA:384,0
DA:388,0
DA:389,0
DA:390,0
DA:391,0
DA:392,0
DA:395,0
DA:400,0
DA:408,0
DA:409,0
DA:417,1
DA:418,3
DA:419,3
DA:421,3
DA:422,1
DA:425,2
DA:430,2
DA:431,1
DA:434,1
DA:443,0
DA:444,0
DA:452,1
DA:455,1
DA:456,0
DA:460,1
DA:461,0
DA:462,0
DA:463,0
DA:464,0
DA:468,1
LF:143
LH:103
BRDA:18,0,0,1
BRDA:18,0,1,1
BRDA:22,1,0,1
BRDA:22,1,1,1
BRDA:23,2,0,1
BRDA:23,2,1,1
BRDA:24,3,0,1
BRDA:24,3,1,1
BRDA:25,4,0,1
BRDA:25,4,1,1
BRDA:26,5,0,1
BRDA:26,5,1,1
BRDA:27,6,0,0
BRDA:27,6,1,1
BRDA:33,7,0,1
BRDA:33,7,1,1
BRDA:44,8,0,0
BRDA:44,8,1,1
BRDA:50,9,0,1
BRDA:50,9,1,0
BRDA:54,10,0,8
BRDA:54,10,1,4
BRDA:54,11,0,12
BRDA:54,11,1,12
BRDA:80,12,0,0
BRDA:80,12,1,0
BRDA:80,13,0,0
BRDA:80,13,1,0
BRDA:103,14,0,0
BRDA:103,14,1,0
BRDA:145,15,0,2
BRDA:145,15,1,5
BRDA:160,16,0,1
BRDA:160,16,1,4
BRDA:182,17,0,4
BRDA:182,17,1,0
BRDA:211,18,0,1
BRDA:211,18,1,2
BRDA:226,19,0,1
BRDA:226,19,1,1
BRDA:252,20,0,1
BRDA:252,20,1,0
BRDA:275,21,0,1
BRDA:275,21,1,3
BRDA:290,22,0,1
BRDA:290,22,1,2
BRDA:315,23,0,1
BRDA:315,23,1,1
BRDA:326,24,0,1
BRDA:326,24,1,0
BRDA:329,25,0,1
BRDA:329,25,1,0
BRDA:331,26,0,0
BRDA:331,26,1,0
BRDA:339,27,0,1
BRDA:339,27,1,0
BRDA:342,28,0,1
BRDA:342,28,1,1
BRDA:369,29,0,0
BRDA:369,29,1,0
BRDA:374,30,0,0
BRDA:374,30,1,0
BRDA:383,31,0,0
BRDA:383,31,1,0
BRDA:421,32,0,1
BRDA:421,32,1,2
BRDA:430,33,0,1
BRDA:430,33,1,1
BRDA:460,34,0,0
BRDA:460,34,1,1
BRDA:463,35,0,0
BRDA:463,35,1,0
BRF:72
BRH:47
end_of_record
TN:
SF:utils\validation.js
FN:6,validateAadhaar
FN:11,validatePAN
FN:16,validateOTP
FN:21,validateGSTIN
FN:28,(anonymous_4)
FN:29,(anonymous_5)
FN:30,(anonymous_6)
FN:31,(anonymous_7)
FNF:8
FNH:8
FNDA:11,validateAadhaar
FNDA:12,validatePAN
FNDA:10,validateOTP
FNDA:12,validateGSTIN
FNDA:36,(anonymous_4)
FNDA:34,(anonymous_5)
FNDA:5,(anonymous_6)
FNDA:4,(anonymous_7)
DA:1,1
DA:2,1
DA:3,1
DA:4,1
DA:7,11
DA:8,11
DA:12,12
DA:13,12
DA:17,10
DA:18,10
DA:22,12
DA:23,9
DA:24,9
DA:25,9
DA:26,7
DA:28,36
DA:29,34
DA:30,6
DA:31,6
DA:34,6
DA:36,25
DA:38,20
DA:40,5
DA:42,5
DA:44,5
DA:46,4
DA:47,4
DA:50,1
LF:28
LH:28
BRDA:7,0,0,0
BRDA:7,0,1,11
BRDA:12,1,0,0
BRDA:12,1,1,12
BRDA:17,2,0,0
BRDA:17,2,1,10
BRDA:22,3,0,3
BRDA:22,3,1,9
BRDA:22,4,0,12
BRDA:22,4,1,11
BRDA:22,4,2,10
BRDA:23,5,0,0
BRDA:23,5,1,9
BRDA:25,6,0,2
BRDA:25,6,1,7
BRDA:26,7,0,1
BRDA:26,7,1,6
BRDA:28,8,0,36
BRDA:28,8,1,36
BRDA:29,9,0,34
BRDA:29,9,1,34
BRDA:30,10,0,5
BRDA:30,10,1,5
BRDA:30,10,2,0
BRDA:31,11,0,4
BRDA:31,11,1,4
BRDA:34,12,0,1
BRDA:34,12,1,5
BRDA:34,13,0,6
BRDA:34,13,1,6
BRDA:36,14,0,0
BRDA:36,14,1,25
BRDA:38,15,0,0
BRDA:38,15,1,20
BRDA:40,16,0,0
BRDA:40,16,1,5
BRDA:42,17,0,0
BRDA:42,17,1,5
BRDA:44,18,0,1
BRDA:44,18,1,4
BRDA:46,19,0,0
BRDA:46,19,1,4
BRF:42
BRH:32
end_of_record
